2023-03-09 21:25:15.484 [info] Added views:workbench.panel.markers.view in workbench.panel.markers
2023-03-09 21:25:15.484 [info] Added views:workbench.panel.output in workbench.panel.output
2023-03-09 21:25:15.484 [info] Added views:terminal in terminal
2023-03-09 21:25:15.484 [info] Added views:outline in workbench.view.explorer
2023-03-09 21:25:15.484 [info] Added views:workbench.scm in workbench.view.scm
2023-03-09 21:25:15.484 [info] Added views:workbench.view.search in workbench.view.search
2023-03-09 21:25:15.484 [info] Added views:timeline in workbench.view.explorer
2023-03-09 21:25:15.484 [info] Added views:workbench.explorer.emptyView in workbench.view.explorer
2023-03-09 21:25:15.551 [info] Added views:workbench.debug.welcome in workbench.view.debug
2023-03-09 21:25:15.733 [info] Added views:cell-tag in workbench.view.extension.jupyter
2023-03-09 21:25:15.916 [info] Added views:workbench.panel.repl.view in workbench.panel.repl
2023-03-09 21:25:22.746 [info] Added views:workbench.panel.markers.view in workbench.panel.markers
2023-03-09 21:25:22.746 [info] Added views:workbench.panel.output in workbench.panel.output
2023-03-09 21:25:22.746 [info] Added views:terminal in terminal
2023-03-09 21:25:22.746 [info] Added views:outline in workbench.view.explorer
2023-03-09 21:25:22.746 [info] Added views:workbench.scm in workbench.view.scm
2023-03-09 21:25:22.746 [info] Added views:workbench.view.search in workbench.view.search
2023-03-09 21:25:22.746 [info] Added views:timeline in workbench.view.explorer
2023-03-09 21:25:22.746 [info] Added views:workbench.explorer.fileView in workbench.view.explorer
2023-03-09 21:25:22.834 [info] Added views:cell-tag in workbench.view.extension.jupyter
2023-03-09 21:25:22.889 [info] Added views:workbench.debug.variablesView,workbench.debug.watchExpressionsView,workbench.debug.callStackView,workbench.debug.breakPointsView in workbench.view.debug
2023-03-09 21:25:22.982 [info] Added views:workbench.panel.repl.view in workbench.panel.repl
2023-03-09 21:25:22.982 [info] Removed views:workbench.debug.breakPointsView,workbench.debug.callStackView,workbench.debug.watchExpressionsView,workbench.debug.variablesView from workbench.view.debug
2023-03-09 21:25:22.983 [info] Added views:workbench.debug.welcome in workbench.view.debug
2023-03-09 21:25:27.116 [info] Added views:workbench.panel.markers.view in workbench.panel.markers
2023-03-09 21:25:27.116 [info] Added views:workbench.panel.output in workbench.panel.output
2023-03-09 21:25:27.116 [info] Added views:terminal in terminal
2023-03-09 21:25:27.116 [info] Added views:outline in workbench.view.explorer
2023-03-09 21:25:27.116 [info] Added views:workbench.scm in workbench.view.scm
2023-03-09 21:25:27.116 [info] Added views:workbench.view.search in workbench.view.search
2023-03-09 21:25:27.116 [info] Added views:timeline in workbench.view.explorer
2023-03-09 21:25:27.116 [info] Added views:workbench.explorer.fileView in workbench.view.explorer
2023-03-09 21:25:27.145 [info] Added views:workbench.debug.welcome in workbench.view.debug
2023-03-09 21:25:27.269 [info] Added views:cell-tag in workbench.view.extension.jupyter
2023-03-09 21:25:27.452 [info] Added views:workbench.panel.repl.view in workbench.panel.repl
